<?xml version="1.0" encoding="UTF-8"?>
<testsuite xmlns:xsi="http://www.w3.org/2001/XMLSchema-instance" xsi:schemaLocation="https://maven.apache.org/surefire/maven-surefire-plugin/xsd/surefire-test-report.xsd" name="com.one.ui.automation.AcceptanceTestSuite" time="27.104" tests="9" errors="0" skipped="0" failures="0">
  <properties>
[...]
</properties>
  <testcase name="BeforeStories" classname="java.lang.Object" time="0.009"/>
  <testcase name="Given [UI] user Open Zomato home page" classname="com.one.ui.automation.steps.SearchRestaurantSteps" time="6.053"/>
  <testcase name="When [UI] user type restaurant name &apos;sana sini&apos; on searchbar" classname="com.one.ui.automation.steps.SearchRestaurantSteps" time="4.611"/>
  <testcase name="And [UI] user click search" classname="com.one.ui.automation.steps.SearchRestaurantSteps" time="3.365"/>
  <testcase name="Then [UI] user should redirected to restaurant detail page" classname="com.one.ui.automation.steps.SearchRestaurantSteps" time="1.272"/>
  <testcase name="And [API] comparing data from ui with api data" classname="com.one.ui.automation.steps.SearchRestaurantSteps" time="5.42"/>
  <testcase name="Scenario: Compare data ui and api&#10;Story: compare data ui and api" classname="Scenario: Compare data ui and api&#10;Story: compare data ui and api" time="5.602"/>
  <testcase name="compare_data_ui_api.story" classname="compare_data_ui_api.story" time="5.61"/>
  <testcase name="AfterStories" classname="java.lang.Object" time="1.832"/>
</testsuite>